<?xml version="1.0" encoding="UTF-8"?>
<!-- Generated by org.testng.reporters.JUnitReportReporter -->
<testsuite hostname="TYSS-Omitya-Mokal" failures="0" tests="1" name="org.automation.test_scripts.RegisterTestCase" time="0.000" errors="0" timestamp="2024-04-24T17:26:13 IST" skipped="1">
  <testcase classname="org.automation.test_scripts.RegisterTestCase" name="registerAndValidate" time="0.000">
    <skipped/>
  </testcase> <!-- registerAndValidate -->
  <system-out/>
</testsuite> <!-- org.automation.test_scripts.RegisterTestCase -->
